<?xml version="1.0" encoding="UTF-8"?>
<!-- Generated by org.testng.reporters.JUnitReportReporter -->
<testsuite skipped="0" hostname="DESKTOP-KG6I5P6" name="steps.RunnerClass" tests="2" failures="0" timestamp="04 Jun 2021 03:12:36 GMT" time="18.268" errors="0">
  <testcase name="runScenario" time="12.747" classname="steps.RunnerClass"/>
  <testcase name="runScenario" time="5.521" classname="steps.RunnerClass"/>
</testsuite> <!-- steps.RunnerClass -->
